Traceback (most recent call last):
  File "emap_experiments.py", line 96, in <module>
    main()
  File "emap_experiments.py", line 31, in main
    evaluator.load_datasets([dataset])
  File "/blue/thai/minhvu/manifold_sampling/lime-experiments-master/evaluate_explanations.py", line 63, in load_datasets
    self.train_data[dataset], self.train_labels[dataset], self.test_data[dataset], self.test_labels[dataset], _ = LoadDataset(dataset)
  File "/blue/thai/minhvu/manifold_sampling/lime-experiments-master/load_datasets.py", line 31, in LoadDataset
    return LoadMultiDomainDataset(POLARITY_PATH + name)
  File "/blue/thai/minhvu/manifold_sampling/lime-experiments-master/load_datasets.py", line 43, in LoadMultiDomainDataset
    for line in open(os.path.join(path_data, 'negative.review')):
FileNotFoundError: [Errno 2] No such file or directory: 'processed_acl/dvds/negative.review'
Vectorizing...
Done
Training...
multi_polarity_electronics
Done
Test method:  emap
Low dim?  True
Number of return feats:  1
Recall:  0.1769575208794094
FP:  0.010025062656641603
Number of return feats:  2
Recall:  0.32268816504322023
FP:  0.041353383458646614
Number of return feats:  3
Recall:  0.4415261808106434
FP:  0.08061821219715955
Number of return feats:  4
Recall:  0.530920457359891
FP:  0.1263575605680869
Number of return feats:  5
Recall:  0.6013763971136592
FP:  0.17673350041771096
Number of return feats:  6
Recall:  0.66308596873362
FP:  0.2183375104427736
Number of return feats:  7
Recall:  0.709715359096929
FP:  0.2606456617734813
Number of return feats:  8
Recall:  0.7485366894186529
FP:  0.30096968612006203
Number of return feats:  9
Recall:  0.7846905625395273
FP:  0.3351871742849186
Number of return feats:  10
Recall:  0.809479135289887
FP:  0.3690774555436209
Number of return feats:  11
Recall:  0.8324681119364886
FP:  0.3970337098156647
Number of return feats:  12
Recall:  0.852898466475596
FP:  0.42078627304191213
Number of return feats:  13
Recall:  0.8675318398548583
FP:  0.4451741658508576
Number of return feats:  14
Recall:  0.8820164537242059
FP:  0.4663534877820592
Number of return feats:  15
Recall:  0.8941088227586391
FP:  0.4846730963272317
Number of return feats:  16
Recall:  0.9039779855012893
FP:  0.5009429375970729
Number of return feats:  17
Recall:  0.9117538473871544
FP:  0.5166900259060807
Number of return feats:  18
Recall:  0.9201500622915516
FP:  0.529360591208225
Number of return feats:  19
Recall:  0.9258158534973723
FP:  0.5411077954762048
Number of return feats:  20
Recall:  0.9313834419247603
FP:  0.5515549660341788
Vectorizing...
Done
Training...
multi_polarity_kitchen
Done
Test method:  emap
Low dim?  True
Number of return feats:  1
Recall:  0.2101446990198854
FP:  0.020050125313283207
Number of return feats:  2
Recall:  0.39785832034553514
FP:  0.03383458646616541
Number of return feats:  3
Recall:  0.533616656633193
FP:  0.08354218880534668
Number of return feats:  4
Recall:  0.636551366394217
FP:  0.13826232247284878
Number of return feats:  5
Recall:  0.7094478593799609
FP:  0.1969089390142022
Number of return feats:  6
Recall:  0.7671934328804201
FP:  0.24962406015037591
Number of return feats:  7
Recall:  0.8140690457928736
FP:  0.29706408879341206
Number of return feats:  8
Recall:  0.8454089703906517
FP:  0.3441908342284282
Number of return feats:  9
Recall:  0.8676013439582115
FP:  0.3879460556152285
Number of return feats:  10
Recall:  0.8870353543350774
FP:  0.4233122488761587
Number of return feats:  11
Recall:  0.9041997568960207
FP:  0.4545950012115425
Number of return feats:  12
Recall:  0.9178411541494466
FP:  0.4809107906852268
Number of return feats:  13
Recall:  0.9259493223387765
FP:  0.5060055789379098
Number of return feats:  14
Recall:  0.9318803005194579
FP:  0.5281488492014808
Number of return feats:  15
Recall:  0.9380322412110179
FP:  0.5465042615418555
Number of return feats:  16
Recall:  0.9446433281321477
FP:  0.562137093622056
Number of return feats:  17
Recall:  0.9506385858203364
FP:  0.5751107041188863
Number of return feats:  18
Recall:  0.9556426714164198
FP:  0.5868803242476396
Number of return feats:  19
Recall:  0.9594903583715844
FP:  0.5973304261104839
Number of return feats:  20
Recall:  0.9615815686517452
FP:  0.6072499617917924
Vectorizing...
Done
Training...
multi_polarity_dvd
Done
Test method:  emap
Low dim?  True
Number of return feats:  1
Recall:  0.16617594112567322
FP:  0.010075566750629723
Number of return feats:  2
Recall:  0.3065332424528578
FP:  0.031486146095717885
Number of return feats:  3
Recall:  0.42085599897975445
FP:  0.06297229219143577
Number of return feats:  4
Recall:  0.5198285096148435
FP:  0.09445843828715365
Number of return feats:  5
Recall:  0.5990317187425959
FP:  0.1287153652392947
Number of return feats:  6
Recall:  0.6572750593034267
FP:  0.17422334172963896
Number of return feats:  7
Recall:  0.7092959279616847
FP:  0.2130862420534964
Number of return feats:  8
Recall:  0.7485841055575189
FP:  0.25271380592539283
Number of return feats:  9
Recall:  0.7841781592877222
FP:  0.2883631202271001
Number of return feats:  10
Recall:  0.8120236384335235
FP:  0.32180840430210705
Number of return feats:  11
Recall:  0.8334465150820219
FP:  0.35361513661261773
Number of return feats:  12
Recall:  0.8504304978851442
FP:  0.383307526506519
Number of return feats:  13
Recall:  0.8661463353121249
FP:  0.40928763372088317
Number of return feats:  14
Recall:  0.8805769692505809
FP:  0.4323867009005547
Number of return feats:  15
Recall:  0.8946847328934816
FP:  0.45295764968309044
Number of return feats:  16
Recall:  0.9067806437103315
FP:  0.47074732222717103
Number of return feats:  17
Recall:  0.9155258636042575
FP:  0.4885647766648656
Number of return feats:  18
Recall:  0.923129050988692
FP:  0.5044025139428162
Number of return feats:  19
Recall:  0.9302840456972682
FP:  0.5190444925248717
Number of return feats:  20
Recall:  0.9356512925073723
FP:  0.5324145044564639
